[3929, 3930, 3931] forward
(3929, 'aceB', '+', 4215477, 4217079) (3928, 'metA', '+', 4214279, 4215209) 268
[2281, 2282] forward
(2282, 'pta', '+', 2414746, 2416891) (2283, 'yfcC', '+', 2417080, 2418601) 189
[3210, 3211] forward
(3211, 'acrF', '+', 3415032, 3418137) (3212, 'yhdV', '+', 3418389, 3418611) 252
[2415, 2416] forward
[1756, 1757] forward
(1756, 'ansA', '+', 1850859, 1851876) (1755, 'sppA', '+', 1848836, 1850693) 166
[958, 959, 960, 961] forward
(958, 'cbdA', '+', 1037739, 1039284) (957, 'hyaF', '+', 1036748, 1037606) 133
[2801, 2800] reverse
(2801, 'araE', '-', 2980763, 2982182) (2802, 'kduD', '-', 2982496, 2983258) 314
[3328, 3327, 3326, 3325, 3324, 3323, 3322] reverse
(3328, 'aroK', '-', 3518542, 3519064) (3329, 'hofQ', '-', 3519464, 3520703) 400
(3322, 'trpS', '-', 3512633, 3513638) (3321, 'yhfZ', '-', 3511438, 3512344) 289
[382, 383, 384] forward
(382, 'aroL', '+', 406404, 406929) (381, 'yaiI', '+', 405763, 406222) 182
(384, 'aroM', '+', 407427, 408105) (385, 'yaiE', '+', 408176, 408461) 71
[3438, 3439, 3440] forward
(3440, 'arsC', '+', 3650236, 3650662) (3441, 'yhiS', '+', 3651290, 3653713) 628
[3692, 3691, 3690, 3689] reverse
(3689, 'rsmG', '-', 3923056, 3923680) (3688, 'atpI', '-', 3922059, 3922440) 616
[4058, 4057] reverse
(4057, 'dcuA', '-', 4365471, 4366773) (4056, 'cutA', '-', 4365017, 4365356) 115
[3688, 3687, 3686, 3685, 3684, 3683, 3682, 3681, 3680] reverse
(3688, 'atpI', '-', 3922059, 3922440) (3689, 'rsmG', '-', 3923056, 3923680) 616
(3680, 'atpC', '-', 3915552, 3915972) (3679, 'glmU', '-', 3913829, 3915200) 352
[1468, 1467] reverse
(1467, 'sra', '-', 1555825, 1555963) (1466, 'maeA', '-', 1553971, 1555669) 156
[31, 32] forward
(31, 'carA', '+', 29650, 30799) (30, 'dapB', '+', 28373, 29195) 455
(32, 'carB', '+', 30816, 34038) (33, 'caiF', '+', 34299, 34695) 261
[3665, 3666] forward
(3665, 'cbrB', '+', 3897505, 3897973) (3664, 'yieH', '+', 3896773, 3897439) 66
[430, 431, 432] forward
(430, 'clpP', '+', 456676, 457300) (429, 'tig', '+', 455132, 456431) 245
(432, 'lon', '+', 458887, 461242) (433, 'hupB', '+', 461450, 461723) 208
[891, 892, 893] forward
(891, 'cmk', '+', 961200, 961884) (890, 'ycaL', '+', 960263, 961028) 172
(893, 'ihfB', '+', 963827, 964112) (894, 'ycaI', '+', 964319, 966584) 207
[902, 903, 904, 905] forward
(905, 'mukB', '+', 976325, 980786) (906, 'ldtD', '+', 981046, 982894) 260
[333, 334] forward
(333, 'codB', '+', 354921, 356181) (332, 'prpE', '+', 352705, 354592) 329
[2628, 2629, 2630, 2631, 2632] forward
(2628, 'csiD', '+', 2788984, 2789962) (2627, 'ygaQ', '+', 2786396, 2788649) 335
(2632, 'gabP', '+', 2794252, 2795653) (2633, 'csiR', '+', 2795673, 2796336) 20
[568, 569, 570, 571] forward
(571, 'cusA', '+', 598713, 601857) (572, 'pheP', '+', 601958, 603335) 101
[567, 566] reverse
(566, 'cusS', '-', 593327, 594770) (565, 'nfrB', '-', 590940, 593178) 149
[868, 867] reverse
(868, 'cydD', '-', 929195, 930962) (869, 'trxB', '-', 931084, 932050) 122
(867, 'cydC', '-', 927473, 929195) (866, 'aat', '-', 926727, 927432) 41
[336, 337, 338] forward
[2715, 2714, 2713] reverse
(2713, 'cysC', '-', 2873386, 2873992) (2712, 'ygbE', '-', 2873013, 2873337) 49
[2460, 2459] reverse
(2459, 'bamC', '-', 2597830, 2598865) (2458, 'purC', '-', 2596904, 2597618) 212
[4041, 4040] reverse
(4041, 'dcuB', '-', 4347403, 4348744) (4042, 'dcuR', '-', 4349314, 4350034) 570
(4040, 'fumB', '-', 4345679, 4347326) (4039, 'yjdF', '-', 4344928, 4345558) 121
[3179, 3180] forward
(3179, 'degQ', '+', 3380742, 3382110) (3178, 'yhcB', '+', 3380190, 3380589) 153
[4297, 4298, 4299, 4300] forward
(4300, 'deoD', '+', 4620882, 4621602) (4301, 'yjjJ', '+', 4621768, 4623100) 166
[222, 223, 224, 225] forward
(222, 'dinB', '+', 250897, 251953) (221, 'lafU', '+', 250071, 250827) 70
(225, 'yafP', '+', 252708, 253161) (226, 'ykfJ', '+', 253478, 253685) 317
[3650, 3649, 3648] reverse
(3648, 'recF', '-', 3880147, 3881221) (3647, 'gyrB', '-', 3877704, 3880119) 28
[13, 14] forward
(14, 'dnaJ', '+', 14167, 15298) (15, 'insL1', '+', 15444, 16557) 146
[1477, 1476] reverse
(1477, 'dosC', '-', 1565757, 1567140) (1478, 'yddW', '-', 1567503, 1568823) 363
(1476, 'dosP', '-', 1563333, 1565733) (1475, 'ddpX', '-', 1562494, 1563076) 257
[617, 618] forward
[3482, 3481, 3480, 3479, 3478] reverse
(3482, 'dppA', '-', 3706097, 3707705) (3483, 'eptB', '-', 3708783, 3710475) 1078
[3587, 3588] forward
(3587, 'dut', '+', 3813931, 3814387) (3586, 'dfp', '+', 3812730, 3813951) -20
[4067, 4068] forward
(4067, 'ecnA', '+', 4376316, 4376442) (4066, 'efp', '+', 4375698, 4376265) 51
(4068, 'ecnB', '+', 4376552, 4376699) (4069, 'sugE', '+', 4376874, 4377192) 175
[1843, 1842] reverse
(1843, 'edd', '-', 1932792, 1934604) (1844, 'zwf', '-', 1934838, 1936314) 234
[591, 592, 593, 594, 595] forward
(595, 'entH', '+', 629299, 629713) (596, 'cstA', '+', 629893, 631999) 180
[2884, 2883, 2882] reverse
(2884, 'epd', '-', 3072671, 3073691) (2885, 'yggC', '-', 3073975, 3074689) 284
(2882, 'fbaA', '-', 3070164, 3071244) (2881, 'mscS', '-', 3068946, 3069807) 357
[4205, 4204, 4203, 4202, 4201] reverse
(4205, 'fecA', '-', 4514352, 4516677) (4206, 'fecR', '-', 4516763, 4517717) 86
[4207, 4206] reverse
(4206, 'fecR', '-', 4516763, 4517717) (4205, 'fecA', '-', 4514352, 4516677) 86
[40, 41, 42, 43] forward
(43, 'fixX', '+', 45462, 45750) (44, 'yaaU', '+', 45806, 47138) 56
[1885, 1884] reverse
(1885, 'flhD', '-', 1977846, 1978197) (1886, 'insB1', '-', 1978517, 1979021) 320
(1884, 'flhC', '-', 1977265, 1977844) (1883, 'motA', '-', 1976251, 1977139) 126
[1912, 1911, 1910] reverse
(1912, 'fliA', '-', 2001069, 2001789) (1913, 'fliC', '-', 2002109, 2003606) 320
(1910, 'fliY', '-', 1999584, 2000385) (1909, 'dcyD', '-', 1998493, 1999480) 104
[885, 884] reverse
(885, 'focA', '-', 953608, 954466) (886, 'ycaO', '-', 954871, 956632) 405
(884, 'pflB', '-', 951271, 953554) (883, 'pflA', '-', 950339, 951080) 191
[3122, 3121] reverse
(3122, 'folP', '-', 3324062, 3324911) (3123, 'ftsH', '-', 3325000, 3326935) 89
(3121, 'glmM', '-', 3322732, 3324070) (3120, 'secG', '-', 3322172, 3322505) 227
[2763, 2762] reverse
[1601, 1600] reverse
[3454, 3453, 3452] reverse
(3454, 'gadA', '-', 3666179, 3667580) (3455, 'yhjA', '-', 3667790, 3669188) 210
[741, 740, 739, 738] reverse
(741, 'galE', '-', 791038, 792055) (742, 'modF', '-', 792315, 793788) 260
(738, 'galM', '-', 787796, 788837) (737, 'gpmA', '-', 786842, 787595) 201
[4046, 4047] forward
(4046, 'ghoS', '+', 4352583, 4352880) (4045, 'yjdJ', '+', 4352084, 4352357) 226
[3679, 3678] reverse
(3679, 'glmU', '-', 3913829, 3915200) (3680, 'atpC', '-', 3915552, 3915972) 352
(3678, 'glmS', '-', 3911838, 3913668) (3677, 'pstS', '-', 3910484, 3911525) 313
[3799, 3798, 3797] reverse
(3797, 'glnG', '-', 4053868, 4055278) (3796, 'yshB', '-', 4053646, 4053757) 111
[2224, 2225, 2226] forward
(2226, 'glpC', '+', 2355520, 2356711) (2227, 'yfaD', '+', 2356903, 2357803) 192
[3855, 3854, 3853] reverse
(3853, 'glpX', '-', 4114568, 4115579) (3852, 'fpr', '-', 4113725, 4114472) 96
[2537, 2536] reverse
(2537, 'glrR', '-', 2687468, 2688803) (2538, 'yfhG', '-', 2688792, 2689506) -11
[3157, 3158, 3159] forward
(3159, 'gltF', '+', 3361175, 3361940) (3160, 'yhcA', '+', 3362111, 3362786) 171
[2404] reverse
(2404, 'cysU', '-', 2541678, 2542512) (2405, 'cysP', '-', 2542511, 2543528) -1
(2404, 'cysU', '-', 2541678, 2542512) (2403, 'cysW', '-', 2540803, 2541679) -1
[2490, 2489] reverse
[855, 854] reverse
(855, 'hcp', '-', 912161, 913814) (856, 'ybjE', '-', 913957, 914857) 143
(854, 'hcr', '-', 911181, 912150) (853, 'poxB', '-', 909330, 911049) 132
[1191, 1192, 1193] forward
(1193, 'prmC', '+', 1266093, 1266927) (1194, 'ychQ', '+', 1266923, 1267316) -4
[1110, 1109] reverse
(1110, 'hflD', '-', 1191989, 1192631) (1111, 'mnmA', '-', 1192666, 1193773) 35
(1109, 'purB', '-', 1190615, 1191986) (1108, 'phoP', '-', 1189775, 1190447) 168
[3860, 3859] reverse
(3860, 'hslV', '-', 4121756, 4122287) (3861, 'ftsN', '-', 4122379, 4123339) 92
(3859, 'hslU', '-', 4120415, 4121747) (3858, 'menA', '-', 4119422, 4120349) 66
[2951, 2950, 2949, 2948, 2947, 2946, 2945, 2944] reverse
(2951, 'hybO', '-', 3145142, 3146261) (2952, 'yghW', '-', 3146449, 3146737) 188
[3635, 3634] reverse
(3634, 'ibpB', '-', 3866468, 3866897) (3633, 'yidE', '-', 3864611, 3866273) 195
[4183, 4182, 4181, 4180] reverse
(4180, 'idnR', '-', 4490140, 4491139) (4179, 'yjgR', '-', 4488560, 4490063) 77
[76, 77] forward
(76, 'ilvI', '+', 85629, 87354) (75, 'leuO', '+', 84367, 85312) 317
(77, 'ilvH', '+', 87356, 87848) (78, 'cra', '+', 88027, 89032) 179
[3708, 3709, 3711, 3712, 3713, 3714] forward
[2513, 2512, 2511, 2510] reverse
(2513, 'iscR', '-', 2661642, 2662131) (2514, 'trmJ', '-', 2662582, 2663323) 451
(2510, 'iscA', '-', 2659562, 2659886) (2509, 'hscB', '-', 2658951, 2659467) 95
[2497] reverse
(2497, 'ispG', '-', 2640685, 2641804) (2498, 'rodZ', '-', 2641830, 2642844) 26
(2497, 'ispG', '-', 2640685, 2641804) (2496, 'hisS', '-', 2639300, 2640575) 110
[687, 686, 685, 684] reverse
(684, 'kdpC', '-', 724406, 724979) (683, 'kdpD', '-', 721729, 724414) -8
[341, 340, 339] reverse
(341, 'lacZ', '-', 363230, 366305) (342, 'lacI', '-', 366427, 367510) 122
[3959, 3960] forward
(3959, 'lexA', '+', 4257114, 4257723) (3958, 'dgkA', '+', 4256636, 4257005) 109
(3960, 'dinF', '+', 4257741, 4259121) (3961, 'yjbJ', '+', 4259236, 4259446) 115
[2788, 2787] reverse
(2788, 'lgt', '-', 2965161, 2966037) (2789, 'ptsP', '-', 2966187, 2968434) 150
(2787, 'thyA', '-', 2964360, 2965155) (2786, 'ppdA', '-', 2963706, 2964177) 183
[3394, 3393, 3392, 3391, 3390] reverse
(3390, 'livF', '-', 3592723, 3593437) (3389, 'ugpB', '-', 3591008, 3592325) 398
[53, 52, 51, 50, 49, 48] reverse
[3950, 3949, 3948] reverse
(3948, 'malG', '-', 4242625, 4243516) (3947, 'xylE', '-', 4240778, 4242254) 371
[1610, 1611] forward
(1611, 'malY', '+', 1700956, 1702129) (1612, 'add', '+', 1702232, 1703234) 103
[163, 162, 161] reverse
(161, 'dapD', '-', 185122, 185947) (160, 'yaeI', '-', 184256, 185069) 53
[1516, 1517, 1518] forward
[4263, 4262] reverse
(4263, 'mcrB', '-', 4577957, 4579337) (4264, 'symE', '-', 4579498, 4579840) 161
[2061, 2062, 2063, 2064, 2065, 2066] forward
(2066, 'baeR', '+', 2164275, 2164998) (2067, 'yegP', '+', 2165188, 2165521) 190
[3858, 3857] reverse
(3858, 'menA', '-', 4119422, 4120349) (3859, 'hslU', '-', 4120415, 4121747) 66
[3867, 3868] forward
(3868, 'metL', '+', 4129834, 4132267) (3869, 'metF', '+', 4132615, 4133506) 348
[2652, 2653, 2654] forward
(2652, 'mprA', '+', 2810769, 2811300) (2651, 'ygaH', '+', 2810343, 2810679) 90
[2972, 2971] reverse
(2972, 'mqsR', '-', 3168247, 3168544) (2973, 'ygiV', '-', 3168748, 3169231) 204
(2971, 'mqsA', '-', 3167850, 3168246) (2970, 'ygiS', '-', 3166110, 3167718) 132
[79, 80, 81, 82, 83, 84, 85, 86, 87, 88, 89, 90, 91, 92, 93, 94] forward
(79, 'mraZ', '+', 89633, 90092) (78, 'cra', '+', 88027, 89032) 601
(94, 'lpxC', '+', 106556, 107474) (95, 'secM', '+', 107704, 108217) 230
[3195, 3194, 3193] reverse
(3195, 'mreB', '-', 3400043, 3401087) (3196, 'csrD', '-', 3401391, 3403332) 304
(3193, 'mreD', '-', 3398386, 3398875) (3192, 'yhdE', '-', 3397784, 3398378) 8
[3545, 3546, 3547] forward
[2916, 2917, 2918, 2919] forward
[3170, 3169, 3168, 3167, 3166] reverse
(3170, 'nanA', '-', 3372682, 3373576) (3171, 'nanR', '-', 3373697, 3374489) 121
[1639, 1640, 1641] forward
(1641, 'gloA', '+', 1727836, 1728244) (1642, 'rnt', '+', 1728346, 1728994) 102
[18, 19] forward
[3412, 3413, 3414, 3415, 3416, 3417] forward
(3412, 'nikA', '+', 3613666, 3615241) (3411, 'acpT', '+', 3612968, 3613556) 110
(3417, 'nikR', '+', 3618587, 3618989) (3418, 'rhsB', '+', 3619191, 3623427) 202
[2673, 2674] forward
[2642, 2643, 2644, 2645] forward
(2642, 'nrdH', '+', 2800722, 2800968) (2641, 'ygaM', '+', 2800145, 2800475) 247
(2645, 'nrdF', '+', 2803501, 2804461) (2646, 'proV', '+', 2804814, 2806017) 353
[406, 407, 408, 409, 410, 411] forward
[4097, 4098, 4099, 4100, 4101] forward
(4097, 'nsrR', '+', 4406189, 4406615) (4096, 'purA', '+', 4404686, 4405985) 204
(4101, 'yjfJ', '+', 4410552, 4411251) (4102, 'yjfK', '+', 4411301, 4411961) 50
[1027, 1028] forward
(1028, 'opgH', '+', 1110862, 1113406) (1029, 'yceK', '+', 1113578, 1113806) 172
[1890, 1889] reverse
(1890, 'otsB', '-', 1981586, 1982387) (1891, 'araH', '-', 1982553, 1983540) 166
[1376, 1377, 1378, 1379, 1380, 1381, 1382, 1383, 1384, 1385, 1386] forward
(1386, 'paaK', '+', 1462124, 1463438) (1387, 'paaX', '+', 1463538, 1464489) 100
[1387, 1388] forward
(1387, 'paaX', '+', 1463538, 1464489) (1386, 'paaK', '+', 1462124, 1463438) 100
[130, 129] reverse
(130, 'panB', '-', 148806, 149601) (131, 'yadC', '-', 149714, 150953) 113
[109, 110, 111, 112] forward
[2305, 2304, 2303, 2302] reverse
(2302, 'dedA', '-', 2434081, 2434741) (2301, 'accD', '-', 2433011, 2433926) 155
[1628, 1627, 1626] reverse
(1628, 'pdxH', '-', 1717350, 1718007) (1629, 'mliC', '-', 1718065, 1718395) 58
[2577, 2578] forward
(2577, 'pheL', '+', 2737598, 2737646) (2576, 'raiA', '+', 2737153, 2737495) 103
[836, 837, 838, 839] forward
(836, 'potF', '+', 893783, 894896) (835, 'ybjN', '+', 892956, 893433) 350
(839, 'potI', '+', 897083, 897929) (840, 'ybjO', '+', 897988, 898477) 59
[2483, 2484] forward
(2483, 'ppk', '+', 2623043, 2625110) (2482, 'purN', '+', 2622233, 2622872) 171
[3075, 3076] forward
(3075, 'prlF', '+', 3277001, 3277337) (3074, 'garD', '+', 3275281, 3276853) 148
[2646, 2647, 2648] forward
(2646, 'proV', '+', 2804814, 2806017) (2645, 'nrdF', '+', 2803501, 2804461) 353
(2648, 'proX', '+', 2807131, 2808124) (2649, 'ygaY', '+', 2808315, 2809493) 191
[1185, 1184] reverse
(1184, 'ychF', '-', 1256720, 1257812) (1183, 'ycgV', '-', 1253084, 1255952) 768
[2395, 2396, 2397] forward
(2395, 'ptsH', '+', 2533763, 2534021) (2394, 'cysK', '+', 2532408, 2533380) 383
[1283, 1284, 1285, 1286, 1287] forward
[2091, 2092] forward
[2200, 2201] forward
[3788, 3789] forward
(3788, 'srkA', '+', 4042414, 4043401) (3787, 'yihD', '+', 4042068, 4042338) 76
(3789, 'dsbA', '+', 4043417, 4044044) (3790, 'yihF', '+', 4044198, 4045629) 154
[2662, 2661] reverse
(2662, 'recA', '-', 2822707, 2823769) (2663, 'pncC', '-', 2823848, 2824346) 79
(2661, 'recX', '-', 2822138, 2822639) (2660, 'alaS', '-', 2819380, 2822011) 127
[2747, 2746, 2745, 2744] reverse
(2747, 'relA', '-', 2911416, 2913651) (2748, 'rlmD', '-', 2913698, 2915000) 47
(2744, 'mazG', '-', 2909893, 2910685) (2743, 'pyrG', '-', 2908028, 2909666) 227
[3723] forward
(3723, 'rho', '+', 3966416, 3967676) (3722, 'trxA', '+', 3965760, 3966090) 326
(3723, 'rho', '+', 3966416, 3967676) (3724, 'wecA', '+', 3967915, 3969019) 239
[3124, 3123] reverse
(3123, 'ftsH', '-', 3325000, 3326935) (3122, 'folP', '-', 3324062, 3324911) 89
[929, 930] forward
(930, 'uup', '+', 1009963, 1011871) (931, 'pqiA', '+', 1012000, 1013254) 129
[2551, 2550, 2549, 2548, 2547] reverse
(2551, 'rnc', '-', 2703382, 2704063) (2552, 'lepB', '-', 2704334, 2705309) 271
(2547, 'acpS', '-', 2700617, 2700998) (2546, 'shoB', '-', 2700116, 2700197) 420
[3590, 3589] reverse
[3901, 3902, 3903, 3904, 3905, 3906] forward
(3901, 'rplK', '+', 4178446, 4178875) (3900, 'nusG', '+', 4177742, 4178288) 158
(3906, 'rpoC', '+', 4185349, 4189573) (3907, 'yjaZ', '+', 4189785, 4190325) 212
[3280, 3279, 3278, 3277] reverse
(3280, 'rpsL', '-', 3474177, 3474552) (3281, 'tusB', '-', 3474677, 3474965) 125
(3277, 'tufA', '-', 3470144, 3471329) (3276, 'chiA', '-', 3467159, 3469853) 291
[2588, 2587, 2586, 2585] reverse
(2588, 'rpsP', '-', 2745936, 2746185) (2589, 'ffh', '-', 2746433, 2747795) 248
[3016, 3017, 3018] forward
[1569, 1568] reverse
(1569, 'rspA', '-', 1653926, 1655141) (1570, 'ynfA', '-', 1655346, 1655673) 205
[1215, 1216] forward
(1216, 'rssB', '+', 1290241, 1291255) (1217, 'galU', '+', 1291456, 1292365) 201
[3358, 3357] reverse
[798, 798] reverse
(798, 'mntS', '-', 852868, 852997) (797, 'opgE', '-', 851013, 852597) 271
[710, 711, 712, 713, 714, 715, 716, 717] forward
[95, 96, 97] forward
(95, 'secM', '+', 107704, 108217) (94, 'lpxC', '+', 106556, 107474) 230
[3533, 3532] reverse
(3533, 'selA', '-', 3759857, 3761249) (3534, 'yibF', '-', 3761346, 3761955) 97
(3532, 'selB', '-', 3758016, 3759861) (3531, 'yiaY', '-', 3756675, 3757827) 189
[674, 675] forward
(675, 'pgm', '+', 713557, 715198) (676, 'ybfP', '+', 715411, 715906) 213
[888, 889] forward
(888, 'serC', '+', 957652, 958741) (887, 'ycaP', '+', 956761, 957454) 198
(889, 'aroA', '+', 958811, 960095) (890, 'ycaL', '+', 960263, 961028) 168
[142, 141, 140] reverse
(142, 'sfsA', '-', 160781, 161486) (143, 'ligT', '-', 161500, 162031) 14
(140, 'gluQ', '-', 159185, 160112) (139, 'pcnB', '-', 157728, 159126) 59
[3443, 3444] forward
[2894, 2893] reverse
(2894, 'speA', '-', 3083934, 3085911) (2895, 'yqgB', '-', 3085919, 3086051) 8
[680, 679] reverse
(679, 'potE', '-', 716945, 718265) (678, 'ybfI', '-', 716720, 716870) 75
[2990] reverse
[3174, 3173] reverse
(3174, 'sspA', '-', 3376781, 3377420) (3175, 'rpsI', '-', 3377814, 3378207) 394
[1879, 1878, 1877, 1876, 1875, 1874] reverse
(1879, 'tar', '-', 1971029, 1972691) (1880, 'cheW', '-', 1972835, 1973339) 144
(1874, 'cheZ', '-', 1966392, 1967037) (1873, 'flhB', '-', 1965042, 1966191) 201
[361, 362, 363, 364] forward
[399, 400, 401, 402] forward
(399, 'tgt', '+', 426136, 427264) (398, 'queA', '+', 425010, 426081) 55
(402, 'secF', '+', 429504, 430476) (403, 'yajD', '+', 430604, 430952) 128
[1, 2, 3, 4] forward
(4, 'thrC', '+', 3733, 5020) (5, 'yaaX', '+', 5233, 5530) 213
[1708, 1707, 1706, 1705, 1704, 1703, 1702, 1701] reverse
(1701, 'ihfA', '-', 1795252, 1795552) (1700, 'btuC', '-', 1794171, 1795152) 100
[729, 730, 731] forward
(729, 'tolB', '+', 777739, 779032) (728, 'tolA', '+', 776341, 777607) 132
(731, 'ybgF', '+', 779597, 780389) (732, 'nadA', '+', 782084, 783128) 1695
[4157, 4156] reverse
(4157, 'treB', '-', 4464758, 4466180) (4158, 'treR', '-', 4466298, 4467246) 118
(4156, 'treC', '-', 4463053, 4464709) (4155, 'nrdD', '-', 4460521, 4462660) 393
[3012, 3013, 3014] forward
[3769, 3770, 3771] forward
(3769, 'ubiE', '+', 4018854, 4019610) (3768, 'rmuC', '+', 4017332, 4018760) 94
(3771, 'ubiB', '+', 4020225, 4021866) (3772, 'tatA', '+', 4021944, 4022214) 78
[2707, 2706] reverse
(2707, 'umpG', '-', 2869512, 2870274) (2708, 'truD', '-', 2870254, 2871304) -20
(2706, 'pcm', '-', 2868892, 2869519) (2705, 'nlpD', '-', 2867613, 2868753) 139
[1164, 1165] forward
[2480, 2479] reverse
(2479, 'uraA', '-', 2618870, 2620160) (2478, 'hda', '-', 2618074, 2618776) 94
[2386, 2385] reverse
(2385, 'xapB', '-', 2522728, 2523985) (2384, 'xapR', '-', 2521592, 2522477) 251
[136, 135] reverse
(136, 'yadV', '-', 155460, 156201) (137, 'yadN', '-', 156298, 156883) 97
(135, 'htrE', '-', 152828, 155426) (134, 'yadM', '-', 152242, 152812) 16
[725, 726, 727, 728] forward
(725, 'ybgC', '+', 774751, 775156) (724, 'ybgE', '+', 774308, 774602) 149
(728, 'tolA', '+', 776341, 777607) (729, 'tolB', '+', 777739, 779032) 132
[699, 700, 701, 702, 703] forward
[832, 833, 834, 835] forward
(835, 'ybjN', '+', 892956, 893433) (836, 'potF', '+', 893783, 894896) 350
[1194, 1195, 1196] forward
(1194, 'ychQ', '+', 1266923, 1267316) (1193, 'prmC', '+', 1266093, 1266927) -4
[1616, 1617, 1618, 1619, 1620, 1621, 1622, 1623] forward
(1616, 'ydgK', '+', 1705249, 1705690) (1615, 'cnu', '+', 1704948, 1705164) 85
(1623, 'nth', '+', 1711522, 1712158) (1624, 'dtpA', '+', 1712768, 1714271) 610
[1663, 1662, 1661, 1660, 1659, 1658] reverse
(1663, 'ydhY', '-', 1753850, 1754477) (1664, 'ydhZ', '-', 1754931, 1755141) 454
[1754, 1753, 1752] reverse
(1752, 'topB', '-', 1844998, 1846960) (1751, 'ynjI', '-', 1843830, 1844871) 127
[2163, 2164, 2165, 2166] forward
(2163, 'yejA', '+', 2272363, 2274178) (2162, 'rtn', '+', 2270725, 2272282) 81
[2582, 2583, 2584] forward
(2582, 'yfiR', '+', 2741874, 2742393) (2581, 'yfiL', '+', 2741359, 2741725) 149
[3005, 3004] reverse
(3004, 'glnE', '-', 3196800, 3199641) (3003, 'hldE', '-', 3195319, 3196753) 47
[3059, 3058] reverse
(3059, 'yhaO', '-', 3256678, 3258010) (3060, 'tdcG', '-', 3258284, 3259649) 274
[3202, 3203, 3204] forward
(3202, 'yhdT', '+', 3407374, 3407617) (3201, 'accC', '+', 3405916, 3407266) 108
(3204, 'prmA', '+', 3409069, 3409951) (3205, 'dusB', '+', 3410279, 3411245) 328
[3515, 3516, 3517, 3518, 3519, 3520, 3521, 3522, 3523] forward
[3558, 3557, 3556, 3555] reverse
(3555, 'gpsA', '-', 3782641, 3783661) (3554, 'cysE', '-', 3781740, 3782562) 79
[3585, 3584, 3583, 3582] reverse
[4280, 4279, 4278, 4277] reverse
(4280, 'yjjB', '-', 4601623, 4602097) (4281, 'yjjP', '-', 4602087, 4602858) -10
(4277, 'yjjA', '-', 4599694, 4600189) (4276, 'opgB', '-', 4597149, 4599441) 253
[4282, 4283] forward
[294, 293] reverse
(294, 'ykgM', '-', 312513, 312777) (295, 'ykgR', '-', 313140, 313242) 363
[2635, 2634] reverse
[2962, 2963] forward
(2963, 'dkgA', '+', 3156622, 3157450) (2964, 'yqhG', '+', 3157649, 3158576) 199
[3221, 3220, 3219, 3218] reverse
(3221, 'yrdD', '-', 3431419, 3431962) (3222, 'smg', '-', 3431990, 3432464) 28
