7142
2190
10030
8364
39879
1785
230
10658
121561
101760
1344
24085
17758
18031
2525
19569
134357
23027
22521
58444
27628
8450
9702
132
110523
350
59723
1105
9424
27057
25868
67419
117360
31259
-4
20225
69864
87111
100
154058
79147
3120
13864
122615
301487
20918
85065
35598
35819
56758
116872
16008
68919
110942
2969
44877
5069
353
2645
18321
267967
48384
49012
1293
62113
76923
18802
24107
3912
195529
29538
3298
87519
21499
37772
82415
51712
9541
51178
20548
84627
46179
25904
36782
93462
23235
29490
192225
12485
90834
3227
2984
23636
122867
48471
227022
121502
3946
58975
60813
58184
13659
20309
236149
64089
297312
7053
85755
30043
26648
30739
40775
42428
83438
31788
4574
1990
17197
432292
84877
16800
55318
19110
10085
6615
17758
24938
11814
40119
50151
25110
45123
3112
33564
18213
30672
13905
87982
9185
53804
21589
15268
12334
54375
64722
89
41349
2702
20966
28678
38182
38081
36768
34644
66329
34283
50311
21392
25327
2567
49919
12725
28109
352
616
126865
56534
754
66
120338
99260
16727
94726
23960
16283
86
58676
20357
