3929 3930
3930 3931
2281 2282
3210 3211
2415 2416
1756 1757
958 959
959 960
960 961
2801 2800
3328 3327
3327 3326
3326 3325
3325 3324
3324 3323
3323 3322
382 383
383 384
3438 3439
3439 3440
3692 3691
3691 3690
3690 3689
4058 4057
3688 3687
3687 3686
3686 3685
3685 3684
3684 3683
3683 3682
3682 3681
3681 3680
1468 1467
31 32
3665 3666
430 431
431 432
891 892
892 893
902 903
903 904
904 905
333 334
2628 2629
2629 2630
2630 2631
2631 2632
568 569
569 570
570 571
567 566
868 867
336 337
337 338
2715 2714
2714 2713
2460 2459
4041 4040
3179 3180
4297 4298
4298 4299
4299 4300
222 223
223 224
224 225
3650 3649
3649 3648
13 14
1477 1476
617 618
3482 3481
3481 3480
3480 3479
3479 3478
3587 3588
4067 4068
1843 1842
591 592
592 593
593 594
594 595
2884 2883
2883 2882
4205 4204
4204 4203
4203 4202
4202 4201
4207 4206
40 41
41 42
42 43
1885 1884
1912 1911
1911 1910
885 884
3122 3121
2763 2762
1601 1600
3454 3453
3453 3452
741 740
740 739
739 738
4046 4047
3679 3678
3799 3798
3798 3797
2224 2225
2225 2226
3855 3854
3854 3853
2537 2536
3157 3158
3158 3159
2490 2489
855 854
1191 1192
1192 1193
1110 1109
3860 3859
2951 2950
2950 2949
2949 2948
2948 2947
2947 2946
2946 2945
2945 2944
3635 3634
4183 4182
4182 4181
4181 4180
76 77
3708 3709
3709 3711
3711 3712
3712 3713
3713 3714
2513 2512
2512 2511
2511 2510
687 686
686 685
685 684
341 340
340 339
3959 3960
2788 2787
3394 3393
3393 3392
3392 3391
3391 3390
53 52
52 51
51 50
50 49
49 48
3950 3949
3949 3948
1610 1611
163 162
162 161
1516 1517
1517 1518
4263 4262
2061 2062
2062 2063
2063 2064
2064 2065
2065 2066
3858 3857
3867 3868
2652 2653
2653 2654
2972 2971
79 80
80 81
81 82
82 83
83 84
84 85
85 86
86 87
87 88
88 89
89 90
90 91
91 92
92 93
93 94
3195 3194
3194 3193
3545 3546
3546 3547
2916 2917
2917 2918
2918 2919
3170 3169
3169 3168
3168 3167
3167 3166
1639 1640
1640 1641
18 19
3412 3413
3413 3414
3414 3415
3415 3416
3416 3417
2673 2674
2642 2643
2643 2644
2644 2645
406 407
407 408
408 409
409 410
410 411
4097 4098
4098 4099
4099 4100
4100 4101
1027 1028
1890 1889
1376 1377
1377 1378
1378 1379
1379 1380
1380 1381
1381 1382
1382 1383
1383 1384
1384 1385
1385 1386
1387 1388
130 129
109 110
110 111
111 112
2305 2304
2304 2303
2303 2302
1628 1627
1627 1626
2577 2578
836 837
837 838
838 839
2483 2484
3075 3076
2646 2647
2647 2648
1185 1184
2395 2396
2396 2397
1283 1284
1284 1285
1285 1286
1286 1287
2091 2092
2200 2201
3788 3789
2662 2661
2747 2746
2746 2745
2745 2744
3124 3123
929 930
2551 2550
2550 2549
2549 2548
2548 2547
3590 3589
3901 3902
3902 3903
3903 3904
3904 3905
3905 3906
3280 3279
3279 3278
3278 3277
2588 2587
2587 2586
2586 2585
3016 3017
3017 3018
1569 1568
1215 1216
3358 3357
798 798
710 711
711 712
712 713
713 714
714 715
715 716
716 717
95 96
96 97
3533 3532
674 675
888 889
142 141
141 140
3443 3444
2894 2893
680 679
3174 3173
1879 1878
1878 1877
1877 1876
1876 1875
1875 1874
361 362
362 363
363 364
399 400
400 401
401 402
1 2
2 3
3 4
1708 1707
1707 1706
1706 1705
1705 1704
1704 1703
1703 1702
1702 1701
729 730
730 731
4157 4156
3012 3013
3013 3014
3769 3770
3770 3771
2707 2706
1164 1165
2480 2479
2386 2385
136 135
725 726
726 727
727 728
699 700
700 701
701 702
702 703
832 833
833 834
834 835
1194 1195
1195 1196
1616 1617
1617 1618
1618 1619
1619 1620
1620 1621
1621 1622
1622 1623
1663 1662
1662 1661
1661 1660
1660 1659
1659 1658
1754 1753
1753 1752
2163 2164
2164 2165
2165 2166
2582 2583
2583 2584
3005 3004
3059 3058
3202 3203
3203 3204
3515 3516
3516 3517
3517 3518
3518 3519
3519 3520
3520 3521
3521 3522
3522 3523
3558 3557
3557 3556
3556 3555
3585 3584
3584 3583
3583 3582
4280 4279
4279 4278
4278 4277
4282 4283
294 293
2635 2634
2962 2963
3221 3220
3220 3219
3219 3218
