1 2
2 3
3 4
13 14
18 19
31 32
40 41
41 42
42 43
49 48
50 49
51 50
52 51
53 52
76 77
79 80
80 81
81 82
82 83
83 84
84 85
85 86
86 87
87 88
88 89
89 90
90 91
91 92
92 93
93 94
95 96
96 97
109 110
110 111
111 112
130 129
136 135
141 140
142 141
162 161
163 162
222 223
223 224
224 225
294 293
333 334
336 337
337 338
340 339
341 340
361 362
362 363
363 364
382 383
383 384
399 400
400 401
401 402
406 407
407 408
408 409
409 410
410 411
430 431
431 432
567 566
568 569
569 570
570 571
591 592
592 593
593 594
594 595
617 618
674 675
680 679
685 684
686 685
687 686
699 700
700 701
701 702
702 703
710 711
711 712
712 713
713 714
714 715
715 716
716 717
725 726
726 727
727 728
729 730
730 731
739 738
740 739
741 740
798 798
832 833
833 834
834 835
836 837
837 838
838 839
855 854
868 867
885 884
888 889
891 892
892 893
902 903
903 904
904 905
929 930
958 959
959 960
960 961
1027 1028
1110 1109
1164 1165
1185 1184
1191 1192
1192 1193
1194 1195
1195 1196
1215 1216
1283 1284
1284 1285
1285 1286
1286 1287
1376 1377
1377 1378
1378 1379
1379 1380
1380 1381
1381 1382
1382 1383
1383 1384
1384 1385
1385 1386
1387 1388
1468 1467
1477 1476
1516 1517
1517 1518
1569 1568
1601 1600
1610 1611
1616 1617
1617 1618
1618 1619
1619 1620
1620 1621
1621 1622
1622 1623
1627 1626
1628 1627
1639 1640
1640 1641
1659 1658
1660 1659
1661 1660
1662 1661
1663 1662
1702 1701
1703 1702
1704 1703
1705 1704
1706 1705
1707 1706
1708 1707
1753 1752
1754 1753
1756 1757
1843 1842
1875 1874
1876 1875
1877 1876
1878 1877
1879 1878
1885 1884
1890 1889
1911 1910
1912 1911
2061 2062
2062 2063
2063 2064
2064 2065
2065 2066
2091 2092
2163 2164
2164 2165
2165 2166
2200 2201
2224 2225
2225 2226
2281 2282
2303 2302
2304 2303
2305 2304
2386 2385
2395 2396
2396 2397
2415 2416
2460 2459
2480 2479
2483 2484
2490 2489
2511 2510
2512 2511
2513 2512
2537 2536
2548 2547
2549 2548
2550 2549
2551 2550
2577 2578
2582 2583
2583 2584
2586 2585
2587 2586
2588 2587
2628 2629
2629 2630
2630 2631
2631 2632
2635 2634
2642 2643
2643 2644
2644 2645
2646 2647
2647 2648
2652 2653
2653 2654
2662 2661
2673 2674
2707 2706
2714 2713
2715 2714
2745 2744
2746 2745
2747 2746
2763 2762
2788 2787
2801 2800
2883 2882
2884 2883
2894 2893
2916 2917
2917 2918
2918 2919
2945 2944
2946 2945
2947 2946
2948 2947
2949 2948
2950 2949
2951 2950
2962 2963
2972 2971
3005 3004
3012 3013
3013 3014
3016 3017
3017 3018
3059 3058
3075 3076
3122 3121
3124 3123
3157 3158
3158 3159
3167 3166
3168 3167
3169 3168
3170 3169
3174 3173
3179 3180
3194 3193
3195 3194
3202 3203
3203 3204
3210 3211
3219 3218
3220 3219
3221 3220
3278 3277
3279 3278
3280 3279
3323 3322
3324 3323
3325 3324
3326 3325
3327 3326
3328 3327
3358 3357
3391 3390
3392 3391
3393 3392
3394 3393
3412 3413
3413 3414
3414 3415
3415 3416
3416 3417
3438 3439
3439 3440
3443 3444
3453 3452
3454 3453
3479 3478
3480 3479
3481 3480
3482 3481
3515 3516
3516 3517
3517 3518
3518 3519
3519 3520
3520 3521
3521 3522
3522 3523
3533 3532
3545 3546
3546 3547
3556 3555
3557 3556
3558 3557
3583 3582
3584 3583
3585 3584
3587 3588
3590 3589
3635 3634
3649 3648
3650 3649
3665 3666
3679 3678
3681 3680
3682 3681
3683 3682
3684 3683
3685 3684
3686 3685
3687 3686
3688 3687
3690 3689
3691 3690
3692 3691
3708 3709
3709 3711
3711 3712
3712 3713
3713 3714
3769 3770
3770 3771
3788 3789
3798 3797
3799 3798
3854 3853
3855 3854
3858 3857
3860 3859
3867 3868
3901 3902
3902 3903
3903 3904
3904 3905
3905 3906
3929 3930
3930 3931
3949 3948
3950 3949
3959 3960
4041 4040
4046 4047
4058 4057
4067 4068
4097 4098
4098 4099
4099 4100
4100 4101
4157 4156
4181 4180
4182 4181
4183 4182
4202 4201
4203 4202
4204 4203
4205 4204
4207 4206
4263 4262
4278 4277
4279 4278
4280 4279
4282 4283
4297 4298
4298 4299
4299 4300
