<class '_io.TextIOWrapper'>
272844	Pyrococcus abyssi (strain GE5 / Orsay).	Archaea,Euryarchaeota,Thermococci,Thermococcales,Thermococcaceae,Pyrococcus
186497	Pyrococcus furiosus (strain ATCC 43587 / DSM 3638 / JCM 8422 / Vc1).	Archaea,Euryarchaeota,Thermococci,Thermococcales,Thermococcaceae,Pyrococcus
70601	Pyrococcus horikoshii (strain ATCC 700860 / DSM 12428 / JCM 9974 / NBRC 100139 / OT-3).	Archaea,Euryarchaeota,Thermococci,Thermococcales,Thermococcaceae,Pyrococcus
272557	Aeropyrum pernix (strain ATCC 700893 / DSM 11879 / JCM 9820 / NBRC 100138 / K1).	Archaea,Crenarchaeota,Thermoprotei,Desulfurococcales,Desulfurococcaceae,Aeropyrum
351160	Methanocella arvoryzae (strain DSM 22066 / NBRC 105507 / MRE50).	Archaea,Euryarchaeota,Methanomicrobia,Methanocellales,Methanocellaceae,Methanocella
368407	Methanoculleus marisnigri (strain ATCC 35101 / DSM 1498 / JR1).	Archaea,Euryarchaeota,Methanomicrobia,Methanomicrobiales,Methanomicrobiaceae,Methanoculleus
309800	Haloferax volcanii (strain ATCC 29605 / DSM 3757 / JCM 8879 / NBRC 14742 / NCIMB 2012 / VKM B-1768 / DS2) (Halobacterium volcanii).	Archaea,Euryarchaeota,Halobacteria,Haloferacales,Haloferacaceae,Haloferax
243232	Methanocaldococcus jannaschii (strain ATCC 43067 / DSM 2661 / JAL-1 / JCM 10045 / NBRC 100440) (Methanococcus jannaschii).	Archaea,Euryarchaeota,Methanococci,Methanococcales,Methanocaldococcaceae,Methanocaldococcus
330779	Sulfolobus acidocaldarius (strain ATCC 33909 / DSM 639 / JCM 8929 / NBRC 15157 / NCIMB 11770).	Archaea,Crenarchaeota,Thermoprotei,Sulfolobales,Sulfolobaceae,Sulfolobus
273057	Sulfolobus solfataricus (strain ATCC 35092 / DSM 1617 / JCM 11322 / P2).	Archaea,Crenarchaeota,Thermoprotei,Sulfolobales,Sulfolobaceae,Sulfolobus
273063	Sulfolobus tokodaii (strain DSM 16993 / JCM 10545 / NBRC 100140 / 7).	Archaea,Crenarchaeota,Thermoprotei,Sulfolobales,Sulfolobaceae,Sulfolobus
69014	Thermococcus kodakarensis (strain ATCC BAA-918 / JCM 12380 / KOD1) (Pyrococcus kodakaraensis (strain KOD1)).	Archaea,Euryarchaeota,Thermococci,Thermococcales,Thermococcaceae,Thermococcus
192952	Methanosarcina mazei (strain ATCC BAA-159 / DSM 3647 / Goe1 / Go1 / JCM 11833 / OCM 88) (Methanosarcina frisia).	Archaea,Euryarchaeota,Methanomicrobia,Methanosarcinales,Methanosarcinaceae,Methanosarcina
267377	Methanococcus maripaludis (strain S2 / LL).	Archaea,Euryarchaeota,Methanococci,Methanococcales,Methanococcaceae,Methanococcus
399549	Metallosphaera sedula (strain ATCC 51363 / DSM 5348 / JCM 9185 / NBRC 15509 / TH2).	Archaea,Crenarchaeota,Thermoprotei,Sulfolobales,Sulfolobaceae,Metallosphaera
224325	Archaeoglobus fulgidus (strain ATCC 49558 / VC-16 / DSM 4304 / JCM 9628 / NBRC 100126).	Archaea,Euryarchaeota,Archaeoglobi,Archaeoglobales,Archaeoglobaceae,Archaeoglobus
188937	Methanosarcina acetivorans (strain ATCC 35395 / DSM 2834 / JCM 12185 / C2A).	Archaea,Euryarchaeota,Methanomicrobia,Methanosarcinales,Methanosarcinaceae,Methanosarcina
269797	Methanosarcina barkeri (strain Fusaro / DSM 804).	Archaea,Euryarchaeota,Methanomicrobia,Methanosarcinales,Methanosarcinaceae,Methanosarcina
190192	Methanopyrus kandleri (strain AV19 / DSM 6324 / JCM 9639 / NBRC 100938).	Archaea,Euryarchaeota,Methanopyri,Methanopyrales,Methanopyraceae,Methanopyrus
2210	Methanosarcina thermophila.	Archaea,Euryarchaeota,Methanomicrobia,Methanosarcinales,Methanosarcinaceae,Methanosarcina
259564	Methanococcoides burtonii (strain DSM 6242 / NBRC 107633 / OCM 468 / ACE-M).	Archaea,Euryarchaeota,Methanomicrobia,Methanosarcinales,Methanosarcinaceae,Methanococcoides
2223	Methanosaeta concilii (Methanothrix soehngenii).	Archaea,Euryarchaeota,Methanomicrobia,Methanosarcinales,Methanosaetaceae,Methanosaeta
187420	Methanothermobacter thermautotrophicus (strain ATCC 29096 / DSM 1053 / JCM 10044 / NBRC 100330 / Delta H) (Methanobacterium thermoautotrophicum).	Archaea,Euryarchaeota,Methanobacteria,Methanobacteriales,Methanobacteriaceae,Methanothermobacter
2209	Methanosarcina mazei (Methanosarcina frisia).	Archaea,Euryarchaeota,Methanomicrobia,Methanosarcinales,Methanosarcinaceae,Methanosarcina
349307	Methanosaeta thermophila (strain DSM 6194 / JCM 14653 / NBRC 101360 / PT) (Methanothrix thermophila).	Archaea,Euryarchaeota,Methanomicrobia,Methanosarcinales,Methanosaetaceae,Methanosaeta
178306	Pyrobaculum aerophilum (strain ATCC 51768 / IM2 / DSM 7523 / JCM 9630 / NBRC 100827).	Archaea,Crenarchaeota,Thermoprotei,Thermoproteales,Thermoproteaceae,Pyrobaculum
340102	Pyrobaculum arsenaticum (strain DSM 13514 / JCM 11321).	Archaea,Crenarchaeota,Thermoprotei,Thermoproteales,Thermoproteaceae,Pyrobaculum
273075	Thermoplasma acidophilum (strain ATCC 25905 / DSM 1728 / JCM 9062 / NBRC 15155 / AMRC-C165).	Archaea,Euryarchaeota,Thermoplasmata,Thermoplasmatales,Thermoplasmataceae,Thermoplasma
273116	Thermoplasma volcanium (strain ATCC 51530 / DSM 4299 / JCM 9571 / NBRC 15438 / GSS1).	Archaea,Euryarchaeota,Thermoplasmata,Thermoplasmatales,Thermoplasmataceae,Thermoplasma
397948	Caldivirga maquilingensis (strain ATCC 700844 / DSM 13496 / JCM 10307 / IC-167).	Archaea,Crenarchaeota,Thermoprotei,Thermoproteales,Thermoproteaceae,Caldivirga
272569	Haloarcula marismortui (strain ATCC 43049 / DSM 3752 / JCM 8966 / VKM B-1809) (Halobacterium marismortui).	Archaea,Euryarchaeota,Halobacteria,Halobacteriales,Haloarculaceae,Haloarcula
362976	Haloquadratum walsbyi (strain DSM 16790 / HBSQ001).	Archaea,Euryarchaeota,Halobacteria,Haloferacales,Haloferacaceae,Haloquadratum
323259	Methanospirillum hungatei JF-1 (strain ATCC 27890 / DSM 864 / NBRC 100397 / JF-1).	Archaea,Euryarchaeota,Methanomicrobia,Methanomicrobiales,Methanospirillaceae,Methanospirillum
348780	Natronomonas pharaonis (strain ATCC 35678 / DSM 2160 / CIP 103997 / NBRC 14720 / NCIMB 2260 / Gabara) (Halobacterium pharaonis).	Archaea,Euryarchaeota,Halobacteria,Halobacteriales,Haloarculaceae,Natronomonas
263820	Picrophilus torridus (strain ATCC 700027 / DSM 9790 / JCM 10055 / NBRC 100828).	Archaea,Euryarchaeota,Thermoplasmata,Thermoplasmatales,Picrophilaceae,Picrophilus
410359	Pyrobaculum calidifontis (strain JCM 11548 / VA1).	Archaea,Crenarchaeota,Thermoprotei,Thermoproteales,Thermoproteaceae,Pyrobaculum
384616	Pyrobaculum islandicum (strain DSM 4184 / JCM 9189 / GEO3).	Archaea,Crenarchaeota,Thermoprotei,Thermoproteales,Thermoproteaceae,Pyrobaculum
368408	Thermofilum pendens (strain DSM 2475 / Hrk 5).	Archaea,Crenarchaeota,Thermoprotei,Thermoproteales,Thermofilaceae,Thermofilum
414004	Cenarchaeum symbiosum (strain A).	Archaea,Thaumarchaeota,Cenarchaeales,Cenarchaeaceae,Cenarchaeum
419665	Methanococcus aeolicus (strain ATCC BAA-1280 / DSM 17508 / OCM 812 / Nankai-3).	Archaea,Euryarchaeota,Methanococci,Methanococcales,Methanococcaceae,Methanococcus
456442	Methanoregula boonei (strain DSM 21154 / JCM 14090 / 6A8).	Archaea,Euryarchaeota,Methanomicrobia,Methanomicrobiales,Methanoregulaceae,Methanoregula
420247	Methanobrevibacter smithii (strain ATCC 35061 / DSM 861 / OCM 144 / PS).	Archaea,Euryarchaeota,Methanobacteria,Methanobacteriales,Methanobacteriaceae,Methanobrevibacter
339860	Methanosphaera stadtmanae (strain ATCC 43021 / DSM 3091 / JCM 11832 / MCB-3).	Archaea,Euryarchaeota,Methanobacteria,Methanobacteriales,Methanobacteriaceae,Methanosphaera
399550	Staphylothermus marinus (strain ATCC 43588 / DSM 3639 / JCM 9404 / F1).	Archaea,Crenarchaeota,Thermoprotei,Desulfurococcales,Desulfurococcaceae,Staphylothermus
64091	Halobacterium salinarum (strain ATCC 700922 / JCM 11081 / NRC-1) (Halobacterium halobium).	Archaea,Euryarchaeota,Halobacteria,Halobacteriales,Halobacteriaceae,Halobacterium
402880	Methanococcus maripaludis (strain C5 / ATCC BAA-1333).	Archaea,Euryarchaeota,Methanococci,Methanococcales,Methanococcaceae,Methanococcus
444158	Methanococcus maripaludis (strain C6 / ATCC BAA-1332).	Archaea,Euryarchaeota,Methanococci,Methanococcales,Methanococcaceae,Methanococcus
426368	Methanococcus maripaludis (strain C7 / ATCC BAA-1331).	Archaea,Euryarchaeota,Methanococci,Methanococcales,Methanococcaceae,Methanococcus
406327	Methanococcus vannielii (strain ATCC 35089 / DSM 1224 / JCM 13029 / OCM 148 / SB).	Archaea,Euryarchaeota,Methanococci,Methanococcales,Methanococcaceae,Methanococcus
165757	Sulfolobus sp. (strain RC3).	Archaea,Crenarchaeota,Thermoprotei,Sulfolobales,Sulfolobaceae,Sulfolobus
2188	Methanococcus voltae.	Archaea,Euryarchaeota,Methanococci,Methanococcales,Methanococcaceae,Methanococcus
555311	Sulfolobus solfataricus (strain 98/2).	Archaea,Crenarchaeota,Thermoprotei,Sulfolobales,Sulfolobaceae,Sulfolobus
228908	Nanoarchaeum equitans (strain Kin4-M).	Archaea,Nanoarchaeota,Nanoarchaeales,Nanoarchaeaceae,Nanoarchaeum
2286	Sulfolobus shibatae.	Archaea,Crenarchaeota,Thermoprotei,Sulfolobales,Sulfolobaceae,Sulfolobus
453591	Ignicoccus hospitalis (strain KIN4/I / DSM 18386 / JCM 14125).	Archaea,Crenarchaeota,Thermoprotei,Desulfurococcales,Desulfurococcaceae,Ignicoccus
521011	Methanosphaerula palustris (strain ATCC BAA-1556 / DSM 19958 / E1-9c).	Archaea,Euryarchaeota,Methanomicrobia,Methanomicrobiales,Methanoregulaceae,Methanosphaerula
436308	Nitrosopumilus maritimus (strain SCM1).	Archaea,Thaumarchaeota,Nitrosopumilales,Nitrosopumilaceae,Nitrosopumilus
444157	Pyrobaculum neutrophilum (strain DSM 2338 / JCM 9278 / V24Sta) (Thermoproteus neutrophilus).	Archaea,Crenarchaeota,Thermoprotei,Thermoproteales,Thermoproteaceae,Pyrobaculum
523850	Thermococcus onnurineus (strain NA1).	Archaea,Euryarchaeota,Thermococci,Thermococcales,Thermococcaceae,Thermococcus
478009	Halobacterium salinarum (strain ATCC 29341 / DSM 671 / R1).	Archaea,Euryarchaeota,Halobacteria,Halobacteriales,Halobacteriaceae,Halobacterium
768679	Thermoproteus tenax (strain ATCC 35583 / DSM 2078 / JCM 9277 / NBRC 100435 / Kra 1).	Archaea,Crenarchaeota,Thermoprotei,Thermoproteales,Thermoproteaceae,Thermoproteus
2283	Acidianus ambivalens (Desulfurolobus ambivalens).	Archaea,Crenarchaeota,Thermoprotei,Sulfolobales,Sulfolobaceae,Acidianus
415426	Hyperthermus butylicus (strain DSM 5456 / JCM 9403 / PLM1-5).	Archaea,Crenarchaeota,Thermoprotei,Desulfurococcales,Pyrodictiaceae,Hyperthermus
410358	Methanocorpusculum labreanum (strain ATCC 43576 / DSM 4855 / Z).	Archaea,Euryarchaeota,Methanomicrobia,Methanomicrobiales,Methanocorpusculaceae,Methanocorpusculum
593117	Thermococcus gammatolerans (strain DSM 15229 / JCM 11827 / EJ3).	Archaea,Euryarchaeota,Thermococci,Thermococcales,Thermococcaceae,Thermococcus
604354	Thermococcus sibiricus (strain MM 739 / DSM 12597).	Archaea,Euryarchaeota,Thermococci,Thermococcales,Thermococcaceae,Thermococcus
427318	Sulfolobus islandicus (strain M.16.27).	Archaea,Crenarchaeota,Thermoprotei,Sulfolobales,Sulfolobaceae,Sulfolobus
426118	Sulfolobus islandicus (strain M.16.4 / Kamchatka #3).	Archaea,Crenarchaeota,Thermoprotei,Sulfolobales,Sulfolobaceae,Sulfolobus
429572	Sulfolobus islandicus (strain L.S.2.15 / Lassen #1).	Archaea,Crenarchaeota,Thermoprotei,Sulfolobales,Sulfolobaceae,Sulfolobus
427317	Sulfolobus islandicus (strain M.14.25 / Kamchatka #1).	Archaea,Crenarchaeota,Thermoprotei,Sulfolobales,Sulfolobaceae,Sulfolobus
419942	Sulfolobus islandicus (strain Y.N.15.51 / Yellowstone #2).	Archaea,Crenarchaeota,Thermoprotei,Sulfolobales,Sulfolobaceae,Sulfolobus
439386	Sulfolobus islandicus (strain Y.G.57.14 / Yellowstone #1).	Archaea,Crenarchaeota,Thermoprotei,Sulfolobales,Sulfolobaceae,Sulfolobus
79929	Methanothermobacter marburgensis (strain ATCC BAA-927 / DSM 2133 / JCM 14651 / NBRC 100331 / OCM 82 / Marburg) (Methanobacterium thermoautotrophicum).	Archaea,Euryarchaeota,Methanobacteria,Methanobacteriales,Methanobacteriaceae,Methanothermobacter
523849	Thermococcus litoralis (strain ATCC 51850 / DSM 5473 / JCM 8560 / NS-C).	Archaea,Euryarchaeota,Thermococci,Thermococcales,Thermococcaceae,Thermococcus
2287	Sulfolobus solfataricus.	Archaea,Crenarchaeota,Thermoprotei,Sulfolobales,Sulfolobaceae,Sulfolobus
573064	Methanocaldococcus fervens (strain DSM 4213 / JCM 15782 / AG86) (Methanococcus fervens).	Archaea,Euryarchaeota,Methanococci,Methanococcales,Methanocaldococcaceae,Methanocaldococcus
523846	Methanothermus fervidus (strain ATCC 43054 / DSM 2088 / JCM 10308 / V24 S).	Archaea,Euryarchaeota,Methanobacteria,Methanobacteriales,Methanothermaceae,Methanothermus
573063	Methanocaldococcus infernus (strain DSM 11812 / JCM 15783 / ME).	Archaea,Euryarchaeota,Methanococci,Methanococcales,Methanocaldococcaceae,Methanocaldococcus
634498	Methanobrevibacter ruminantium (strain ATCC 35063 / DSM 1093 / JCM 13430 / OCM 146 / M1) (Methanobacterium ruminantium).	Archaea,Euryarchaeota,Methanobacteria,Methanobacteriales,Methanobacteriaceae,Methanobrevibacter
644281	Methanocaldococcus sp. (strain FS406-22).	Archaea,Euryarchaeota,Methanococci,Methanococcales,Methanocaldococcaceae,Methanocaldococcus
456320	Methanococcus voltae (strain ATCC BAA-1334 / A3).	Archaea,Euryarchaeota,Methanococci,Methanococcales,Methanococcaceae,Methanococcus
579137	Methanocaldococcus vulcanius (strain ATCC 700851 / DSM 12094 / M7) (Methanococcus vulcanius).	Archaea,Euryarchaeota,Methanococci,Methanococcales,Methanocaldococcaceae,Methanocaldococcus
416348	Halorubrum lacusprofundi (strain ATCC 49239 / DSM 5036 / JCM 8891 / ACAM 34).	Archaea,Euryarchaeota,Halobacteria,Haloferacales,Halorubraceae,Halorubrum
374847	Korarchaeum cryptofilum (strain OPF8).	Archaea,Candidatus Korarchaeota,Candidatus Korarchaeum
485914	Halomicrobium mukohataei (strain ATCC 700874 / DSM 12286 / JCM 9738 / NCIMB 13541) (Haloarcula mukohataei).	Archaea,Euryarchaeota,Halobacteria,Halobacteriales,Haloarculaceae,Halomicrobium
2208	Methanosarcina barkeri.	Archaea,Euryarchaeota,Methanomicrobia,Methanosarcinales,Methanosarcinaceae,Methanosarcina
2187	Methanococcus vannielii.	Archaea,Euryarchaeota,Methanococci,Methanococcales,Methanococcaceae,Methanococcus
28442	Haloarcula vallismortis (Halobacterium vallismortis).	Archaea,Euryarchaeota,Halobacteria,Halobacteriales,Haloarculaceae,Haloarcula
43776	Haloarcula argentinensis.	Archaea,Euryarchaeota,Halobacteria,Halobacteriales,Haloarculaceae,Haloarcula
33003	Halobacterium halobium (strain mex).	Archaea,Euryarchaeota,Halobacteria,Halobacteriales,Halobacteriaceae,Halobacterium
33004	Halobacterium halobium (strain port).	Archaea,Euryarchaeota,Halobacteria,Halobacteriales,Halobacteriaceae,Halobacterium
33005	Halobacterium halobium (strain shark).	Archaea,Euryarchaeota,Halobacteria,Halobacteriales,Halobacteriaceae,Halobacterium
160432	Haloterrigena sp. (strain arg-4).	Archaea,Euryarchaeota,Halobacteria,Natrialbales,Natrialbaceae,Haloterrigena
35743	Halorubrum sodomense.	Archaea,Euryarchaeota,Halobacteria,Haloferacales,Halorubraceae,Halorubrum
33006	Halobacterium sp. (strain SG1).	Archaea,Euryarchaeota,Halobacteria,Halobacteriales,Halobacteriaceae,Halobacterium
2257	Natronomonas pharaonis (Natronobacterium pharaonis).	Archaea,Euryarchaeota,Halobacteria,Halobacteriales,Haloarculaceae,Natronomonas
335819	Halorubrum chaoviator (strain DSM 11365 / JCM 9573 / AUS-1).	Archaea,Euryarchaeota,Halobacteria,Haloferacales,Halorubraceae,Halorubrum
768065	Haloquadratum walsbyi (strain DSM 16854 / JCM 12705 / C23).	Archaea,Euryarchaeota,Halobacteria,Haloferacales,Haloferacaceae,Haloquadratum
29285	Halobacterium sp. (strain aus-2).	Archaea,Euryarchaeota,Halobacteria,Halobacteriales,Halobacteriaceae,Halobacterium
69009	Haloarcula sp. (strain arg-2 / Andes heights).	Archaea,Euryarchaeota,Halobacteria,Halobacteriales,Haloarculaceae,Haloarcula
1230452	Haloferax lucentense (strain DSM 14919 / JCM 9276 / NCIMB 13854 / Aa 2.2) (Haloferax alicantei).	Archaea,Euryarchaeota,Halobacteria,Haloferacales,Haloferacaceae,Haloferax
2262	Pyrococcus woesei.	Archaea,Euryarchaeota,Thermococci,Thermococcales,Thermococcaceae,Pyrococcus
519442	Halorhabdus utahensis (strain DSM 12940 / JCM 11049 / AX-2).	Archaea,Euryarchaeota,Halobacteria,Halobacteriales,Haloarculaceae,Halorhabdus
1071056	Acidianus sp. (strain A1-3).	Archaea,Crenarchaeota,Thermoprotei,Sulfolobales,Sulfolobaceae,Acidianus
523841	Haloferax mediterranei (strain ATCC 33500 / DSM 1411 / JCM 8866 / NBRC 14739 / NCIMB 2177 / R-4) (Halobacterium mediterranei).	Archaea,Euryarchaeota,Halobacteria,Haloferacales,Haloferacaceae,Haloferax
39152	Methanococcus maripaludis (Methanococcus deltae).	Archaea,Euryarchaeota,Methanococci,Methanococcales,Methanococcaceae,Methanococcus
2303	Thermoplasma acidophilum.	Archaea,Euryarchaeota,Thermoplasmata,Thermoplasmatales,Thermoplasmataceae,Thermoplasma
145262	Methanothermobacter thermautotrophicus (Methanobacterium thermoformicicum).	Archaea,Euryarchaeota,Methanobacteria,Methanobacteriales,Methanobacteriaceae,Methanothermobacter
490899	Desulfurococcus kamchatkensis (strain 1221n / DSM 18924).	Archaea,Crenarchaeota,Thermoprotei,Desulfurococcales,Desulfurococcaceae,Desulfurococcus
572546	Archaeoglobus profundus (strain DSM 5631 / JCM 9629 / NBRC 100127 / Av18).	Archaea,Euryarchaeota,Archaeoglobi,Archaeoglobales,Archaeoglobaceae,Archaeoglobus
589924	Ferroglobus placidus (strain DSM 10642 / AEDII12DO).	Archaea,Euryarchaeota,Archaeoglobi,Archaeoglobales,Archaeoglobaceae,Ferroglobus
543526	Haloterrigena turkmenica (strain ATCC 51198 / DSM 5511 / NCIMB 13204 / VKM B-1734) (Halococcus turkmenicus).	Archaea,Euryarchaeota,Halobacteria,Natrialbales,Natrialbaceae,Haloterrigena
547558	Methanohalophilus mahii (strain ATCC 35705 / DSM 5219 / SLP).	Archaea,Euryarchaeota,Methanomicrobia,Methanosarcinales,Methanosarcinaceae,Methanohalophilus
304371	Methanocella paludicola (strain DSM 17711 / JCM 13418 / NBRC 101707 / SANAE).	Archaea,Euryarchaeota,Methanomicrobia,Methanocellales,Methanocellaceae,Methanocella
547559	Natrialba magadii (strain ATCC 43099 / DSM 3394 / CIP 104546 / JCM 8861/ NBRC 102185 / NCIMB 2190 / MS3) (Natronobacterium magadii).	Archaea,Euryarchaeota,Halobacteria,Natrialbales,Natrialbaceae,Natrialba
29282	Haloarcula japonica.	Archaea,Euryarchaeota,Halobacteria,Halobacteriales,Haloarculaceae,Haloarcula
2181	Methanothermus sociabilis.	Archaea,Euryarchaeota,Methanobacteria,Methanobacteriales,Methanothermaceae,Methanothermus
2242	Halobacterium salinarum (Halobacterium halobium).	Archaea,Euryarchaeota,Halobacteria,Halobacteriales,Halobacteriaceae,Halobacterium
39456	Pyrococcus endeavori.	Archaea,Euryarchaeota,Thermococci,Thermococcales,Thermococcaceae,Pyrococcus
53953	Pyrococcus horikoshii.	Archaea,Euryarchaeota,Thermococci,Thermococcales,Thermococcaceae,Pyrococcus
49899	Thermococcus profundus.	Archaea,Euryarchaeota,Thermococci,Thermococcales,Thermococcaceae,Thermococcus
2274	Desulfurococcus mobilis.	Archaea,Crenarchaeota,Thermoprotei,Desulfurococcales,Desulfurococcaceae,Desulfurococcus
933801	Acidianus hospitalis (strain W1).	Archaea,Crenarchaeota,Thermoprotei,Sulfolobales,Sulfolobaceae,Acidianus
425944	Sulfolobus islandicus (strain L.D.8.5 / Lassen #2).	Archaea,Crenarchaeota,Thermoprotei,Sulfolobales,Sulfolobaceae,Sulfolobus
930943	Sulfolobus islandicus (strain HVE10/4).	Archaea,Crenarchaeota,Thermoprotei,Sulfolobales,Sulfolobaceae,Sulfolobus
1006006	Metallosphaera cuprina (strain Ar-4).	Archaea,Crenarchaeota,Thermoprotei,Sulfolobales,Sulfolobaceae,Metallosphaera
29292	Pyrococcus abyssi.	Archaea,Euryarchaeota,Thermococci,Thermococcales,Thermococcaceae,Pyrococcus
53426	Sulfophobococcus zilligii.	Archaea,Crenarchaeota,Thermoprotei,Desulfurococcales,Desulfurococcaceae,Sulfophobococcus
46540	Thermococcus fumicolans.	Archaea,Euryarchaeota,Thermococci,Thermococcales,Thermococcaceae,Thermococcus
69656	Sulfurisphaera ohwakuensis.	Archaea,Crenarchaeota,Thermoprotei,Sulfolobales,Sulfolobaceae,Sulfurisphaera
108142	Desulfurococcus sp. (strain Tok).	Archaea,Crenarchaeota,Thermoprotei,Desulfurococcales,Desulfurococcaceae,Desulfurococcus
74610	Pyrococcus glycovorans.	Archaea,Euryarchaeota,Thermococci,Thermococcales,Thermococcaceae,Pyrococcus
69013	Pyrococcus sp. (strain GB-D).	Archaea,Euryarchaeota,Thermococci,Thermococcales,Thermococcaceae,Pyrococcus
110163	Thermococcus aggregans.	Archaea,Euryarchaeota,Thermococci,Thermococcales,Thermococcaceae,Thermococcus
105583	Thermococcus sp. (strain GE8).	Archaea,Euryarchaeota,Thermococci,Thermococcales,Thermococcaceae,Thermococcus
71997	Thermococcus gorgonarius.	Archaea,Euryarchaeota,Thermococci,Thermococcales,Thermococcaceae,Thermococcus
46539	Thermococcus hydrothermalis.	Archaea,Euryarchaeota,Thermococci,Thermococcales,Thermococcaceae,Thermococcus
2265	Thermococcus litoralis.	Archaea,Euryarchaeota,Thermococci,Thermococcales,Thermococcaceae,Thermococcus
103799	Thermococcus sp. (strain 9oN-7).	Archaea,Euryarchaeota,Thermococci,Thermococcales,Thermococcaceae,Thermococcus
2246	Haloferax volcanii (Halobacterium volcanii).	Archaea,Euryarchaeota,Halobacteria,Haloferacales,Haloferacaceae,Haloferax
2264	Thermococcus celer.	Archaea,Euryarchaeota,Thermococci,Thermococcales,Thermococcaceae,Thermococcus
2226	Methanococcoides methylutens.	Archaea,Euryarchaeota,Methanomicrobia,Methanosarcinales,Methanosarcinaceae,Methanococcoides
2162	Methanobacterium formicicum.	Archaea,Euryarchaeota,Methanobacteria,Methanobacteriales,Methanobacteriaceae,Methanobacterium
47303	Sulfolobus metallicus.	Archaea,Crenarchaeota,Thermoprotei,Sulfolobales,Sulfolobaceae,Sulfolobus
12915	Acidianus infernus.	Archaea,Crenarchaeota,Thermoprotei,Sulfolobales,Sulfolobaceae,Acidianus
47304	Metallosphaera prunae.	Archaea,Crenarchaeota,Thermoprotei,Sulfolobales,Sulfolobaceae,Metallosphaera
2186	Methanothermococcus thermolithotrophicus (Methanococcus thermolithotrophicus).	Archaea,Euryarchaeota,Methanococci,Methanococcales,Methanococcaceae,Methanothermococcus
1110509	Methanosaeta harundinacea (strain 6Ac).	Archaea,Euryarchaeota,Methanomicrobia,Methanosarcinales,Methanosaetaceae,Methanosaeta
2203	Methanospirillum hungatei.	Archaea,Euryarchaeota,Methanomicrobia,Methanomicrobiales,Methanospirillaceae,Methanospirillum
145261	Methanothermobacter wolfeii (Methanobacterium wolfei).	Archaea,Euryarchaeota,Methanobacteria,Methanobacteriales,Methanobacteriaceae,Methanothermobacter
2199	Methanogenium organophilum.	Archaea,Euryarchaeota,Methanomicrobia,Methanomicrobiales,Methanomicrobiaceae,Methanogenium
2161	Methanobacterium bryantii.	Archaea,Euryarchaeota,Methanobacteria,Methanobacteriales,Methanobacteriaceae,Methanobacterium
2180	Methanothermus fervidus.	Archaea,Euryarchaeota,Methanobacteria,Methanobacteriales,Methanothermaceae,Methanothermus
2271	Thermoproteus tenax.	Archaea,Crenarchaeota,Thermoprotei,Thermoproteales,Thermoproteaceae,Thermoproteus
56636	Aeropyrum pernix.	Archaea,Crenarchaeota,Thermoprotei,Desulfurococcales,Desulfurococcaceae,Aeropyrum
985053	Vulcanisaeta moutnovskia (strain 768-28).	Archaea,Crenarchaeota,Thermoprotei,Thermoproteales,Thermoproteaceae,Vulcanisaeta
2163	Methanobacterium ivanovii.	Archaea,Euryarchaeota,Methanobacteria,Methanobacteriales,Methanobacteriaceae,Methanobacterium
2253	Haloferax sp.	Archaea,Euryarchaeota,Halobacteria,Haloferacales,Haloferacaceae,Haloferax
63740	Halorubrum vacuolatum (Natronobacterium vacuolatum).	Archaea,Euryarchaeota,Halobacteria,Haloferacales,Halorubraceae,Halorubrum
245739	Halobacterium sp. (strain AS7092).	Archaea,Euryarchaeota,Halobacteria,Halobacteriales,Halobacteriaceae,Halobacterium
54076	Thermococcus zilligii.	Archaea,Euryarchaeota,Thermococci,Thermococcales,Thermococcaceae,Thermococcus
55399	Pyrococcus sp. (strain GB-3a).	Archaea,Euryarchaeota,Thermococci,Thermococcales,Thermococcaceae,Pyrococcus
135836	Haloarchaeon S8a.	Archaea,Euryarchaeota,Halobacteria,Halobacteriales,Halobacteriaceae
930945	Sulfolobus islandicus (strain REY15A).	Archaea,Crenarchaeota,Thermoprotei,Sulfolobales,Sulfolobaceae,Sulfolobus
29540	Natrialba asiatica (strain ATCC 700177 / DSM 12278 / JCM 9576 / FERM P-10747 / NBRC 102637 / 172P1).	Archaea,Euryarchaeota,Halobacteria,Natrialbales,Natrialbaceae,Natrialba
79930	Methanothermobacter thermautotrophicus (strain Winter) (Methanobacterium thermoautotrophicum).	Archaea,Euryarchaeota,Methanobacteria,Methanobacteriales,Methanobacteriaceae,Methanothermobacter
795797	Halalkalicoccus jeotgali (strain DSM 18796 / CECT 7217 / JCM 14584 / KCTC 4019 / B3).	Archaea,Euryarchaeota,Halobacteria,Halobacteriales,Halobacteriaceae,Halalkalicoccus
469382	Halogeometricum borinquense (strain ATCC 700274 / DSM 11551 / JCM 10706 / PR3).	Archaea,Euryarchaeota,Halobacteria,Haloferacales,Haloferacaceae,Halogeometricum
439481	Aciduliprofundum boonei (strain DSM 19572 / T469).	Archaea,Euryarchaeota,DHVE2 group,Aciduliprofundum
990316	Methanosaeta concilii (strain ATCC 5969 / DSM 3671 / JCM 10134 / NBRC 103675 / OCM 69 / GP-6) (Methanothrix concilii).	Archaea,Euryarchaeota,Methanomicrobia,Methanosarcinales,Methanosaetaceae,Methanosaeta
644295	Methanohalobium evestigatum (strain ATCC BAA-1072 / DSM 3721 / NBRC 107634 / OCM 161 / Z-7303).	Archaea,Euryarchaeota,Methanomicrobia,Methanosarcinales,Methanosarcinaceae,Methanohalobium
880724	Methanotorris igneus (strain DSM 5666 / JCM 11834 / Kol 5).	Archaea,Euryarchaeota,Methanococci,Methanococcales,Methanocaldococcaceae,Methanotorris
877455	Methanobacterium lacus (strain AL-21).	Archaea,Euryarchaeota,Methanobacteria,Methanobacteriales,Methanobacteriaceae,Methanobacterium
647113	Methanothermococcus okinawensis (strain DSM 14208 / JCM 11175 / IH1).	Archaea,Euryarchaeota,Methanococci,Methanococcales,Methanococcaceae,Methanothermococcus
868131	Methanobacterium paludis (strain DSM 25820 / JCM 18151 / SWAN1).	Archaea,Euryarchaeota,Methanobacteria,Methanobacteriales,Methanobacteriaceae,Methanobacterium
679901	Methanosalsum zhilinae (strain DSM 4017 / NBRC 107636 / OCM 62 / WeN5) (Methanohalophilus zhilinae).	Archaea,Euryarchaeota,Methanomicrobia,Methanosarcinales,Methanosarcinaceae,Methanosalsum
57174	Caldococcus noboribetus.	Archaea,Crenarchaeota,Thermoprotei,Desulfurococcales,Caldococcus
42879	Methanococcus aeolicus.	Archaea,Euryarchaeota,Methanococci,Methanococcales,Methanococcaceae,Methanococcus
583356	Ignisphaera aggregans (strain DSM 17230 / JCM 13409 / AQ1.S1).	Archaea,Crenarchaeota,Thermoprotei,Desulfurococcales,Desulfurococcaceae,Ignisphaera
285389	Uncultured archaeon GZfos26G2.	Archaea,environmental samples
2189	Methanotorris igneus (Methanococcus igneus).	Archaea,Euryarchaeota,Methanococci,Methanococcales,Methanocaldococcaceae,Methanotorris
2221	Methanolobus tindarius.	Archaea,Euryarchaeota,Methanomicrobia,Methanosarcinales,Methanosarcinaceae,Methanolobus
13769	Natrialba magadii.	Archaea,Euryarchaeota,Halobacteria,Natrialbales,Natrialbaceae,Natrialba
2250	Halococcus morrhuae (Micrococcus morrhuae).	Archaea,Euryarchaeota,Halobacteria,Halobacteriales,Halococcaceae,Halococcus
342949	Pyrococcus sp. (strain NA2).	Archaea,Euryarchaeota,Thermococci,Thermococcales,Thermococcaceae,Pyrococcus
391623	Thermococcus barophilus (strain DSM 11836 / MP).	Archaea,Euryarchaeota,Thermococci,Thermococcales,Thermococcaceae,Thermococcus
2173	Methanobrevibacter smithii.	Archaea,Euryarchaeota,Methanobacteria,Methanobacteriales,Methanobacteriaceae,Methanobrevibacter
634497	Haloarcula hispanica (strain ATCC 33960 / DSM 4426 / JCM 8911 / NBRC 102182 / NCIMB 2187 / VKM B-1755).	Archaea,Euryarchaeota,Halobacteria,Halobacteriales,Haloarculaceae,Haloarcula
2252	Haloferax mediterranei (Halobacterium mediterranei).	Archaea,Euryarchaeota,Halobacteria,Haloferacales,Haloferacaceae,Haloferax
1295125	Thermococcus sp. (strain JCM 11816 / KS-1).	Archaea,Euryarchaeota,Thermococci,Thermococcales,Thermococcaceae,Thermococcus
179637	Halococcus dombrowskii.	Archaea,Euryarchaeota,Halobacteria,Halobacteriales,Halococcaceae,Halococcus
69015	Pyrococcus sp. (strain ST700).	Archaea,Euryarchaeota,Thermococci,Thermococcales,Thermococcaceae,Pyrococcus
666510	Acidilobus saccharovorans (strain DSM 16705 / JCM 18335 / VKM B-2471 / 345-15).	Archaea,Crenarchaeota,Thermoprotei,Acidilobales,Acidilobaceae,Acidilobus
633148	Thermosphaera aggregans (strain DSM 11486 / M11TL).	Archaea,Crenarchaeota,Thermoprotei,Desulfurococcales,Desulfurococcaceae,Thermosphaera
572478	Vulcanisaeta distributa (strain DSM 14429 / JCM 11212 / NBRC 100878 / IC-017).	Archaea,Crenarchaeota,Thermoprotei,Thermoproteales,Thermoproteaceae,Vulcanisaeta
79680	Thermococcus sp. (strain KS-8).	Archaea,Euryarchaeota,Thermococci,Thermococcales,Thermococcaceae,Thermococcus
94694	Desulfurococcus amylolyticus.	Archaea,Crenarchaeota,Thermoprotei,Desulfurococcales,Desulfurococcaceae,Desulfurococcus
679926	Methanolacinia petrolearia (strain DSM 11571 / OCM 486 / SEBR 4847) (Methanoplanus petrolearius).	Archaea,Euryarchaeota,Methanomicrobia,Methanomicrobiales,Methanomicrobiaceae,Methanolacinia
999630	Thermoproteus uzoniensis (strain 768-20).	Archaea,Crenarchaeota,Thermoprotei,Thermoproteales,Thermoproteaceae,Thermoproteus
51589	Haloarcula hispanica.	Archaea,Euryarchaeota,Halobacteria,Halobacteriales,Haloarculaceae,Haloarcula
46770	Cenarchaeum symbiosum.	Archaea,Thaumarchaeota,Cenarchaeales,Cenarchaeaceae,Cenarchaeum
2309	Pyrodictium occultum.	Archaea,Crenarchaeota,Thermoprotei,Desulfurococcales,Pyrodictiaceae,Pyrodictium
59822	Desulfurococcus sp. (strain SY).	Archaea,Crenarchaeota,Thermoprotei,Desulfurococcales,Desulfurococcaceae,Desulfurococcus
269443	Thermococcus sp. (strain KI).	Archaea,Euryarchaeota,Thermococci,Thermococcales,Thermococcaceae,Thermococcus
88773	Halobacterium sp. (strain GN101).	Archaea,Euryarchaeota,Halobacteria,Halobacteriales,Halobacteriaceae,Halobacterium
2269	Thermofilum pendens.	Archaea,Crenarchaeota,Thermoprotei,Thermoproteales,Thermofilaceae,Thermofilum
