268
189
252
166
133
314
400
289
182
71
628
616
115
616
352
156
455
261
66
245
208
172
207
260
329
335
20
101
149
122
41
49
212
570
121
153
166
70
317
28
146
363
257
1078
-20
51
175
234
180
284
357
86
86
56
320
126
320
104
405
191
89
227
210
260
201
226
352
313
111
192
96
-11
171
-1
-1
143
132
-4
35
168
92
66
188
195
77
317
179
451
95
26
110
-8
122
109
115
150
183
398
371
103
53
161
190
66
348
90
204
132
601
230
304
8
121
102
110
202
247
353
204
50
172
166
100
113
155
58
103
350
59
171
148
191
768
383
76
154
79
127
47
227
326
239
89
129
271
420
158
212
125
291
248
205
201
271
97
189
213
198
168
14
59
8
75
394
144
201
55
128
213
100
132
1695
118
393
94
78
-20
139
94
251
97
16
149
85
610
454
127
81
149
47
274
108
328
79
-10
253
363
199
28
